[0.075s] Invoking command in '/home/lukas/dev_ws/build/my_package': CMAKE_PREFIX_PATH=${CMAKE_PREFIX_PATH}:/home/lukas/ros2_ws/install/my_robot_controller:/opt/ros/iron /usr/bin/cmake /home/lukas/dev_ws/src/my_package -DAMENT_CMAKE_SYMLINK_INSTALL=1 -DCMAKE_INSTALL_PREFIX=/home/lukas/dev_ws/install/my_package
[0.119s] -- The C compiler identification is GNU 11.4.0
[0.163s] -- The CXX compiler identification is GNU 11.4.0
[0.169s] -- Detecting C compiler ABI info
[0.224s] -- Detecting C compiler ABI info - done
[0.230s] -- Check for working C compiler: /usr/bin/cc - skipped
[0.230s] -- Detecting C compile features
[0.231s] -- Detecting C compile features - done
[0.233s] -- Detecting CXX compiler ABI info
[0.296s] -- Detecting CXX compiler ABI info - done
[0.303s] -- Check for working CXX compiler: /usr/bin/c++ - skipped
[0.303s] -- Detecting CXX compile features
[0.303s] -- Detecting CXX compile features - done
[0.305s] -- Found ament_cmake: 2.0.4 (/opt/ros/iron/share/ament_cmake/cmake)
[0.443s] -- Found Python3: /usr/bin/python3.10 (found version "3.10.12") found components: Interpreter 
[0.494s] -- Override CMake install command with custom implementation using symlinks instead of copying resources
[0.514s] -- Found ament_lint_auto: 0.14.3 (/opt/ros/iron/share/ament_lint_auto/cmake)
[0.579s] -- Added test 'flake8' to check Python code syntax and style conventions
[0.579s] -- Configured 'flake8' exclude dirs and/or files: 
[0.580s] -- Added test 'lint_cmake' to check CMake code style
[0.581s] -- Added test 'pep257' to check Python code against some of the docstring style conventions in PEP 257
[0.584s] -- Added test 'xmllint' to check XML markup files
[0.586s] -- Configuring done
[0.588s] -- Generating done
[0.589s] -- Build files have been written to: /home/lukas/dev_ws/build/my_package
[0.593s] Invoked command in '/home/lukas/dev_ws/build/my_package' returned '0': CMAKE_PREFIX_PATH=${CMAKE_PREFIX_PATH}:/home/lukas/ros2_ws/install/my_robot_controller:/opt/ros/iron /usr/bin/cmake /home/lukas/dev_ws/src/my_package -DAMENT_CMAKE_SYMLINK_INSTALL=1 -DCMAKE_INSTALL_PREFIX=/home/lukas/dev_ws/install/my_package
[0.594s] Invoking command in '/home/lukas/dev_ws/build/my_package': CMAKE_PREFIX_PATH=${CMAKE_PREFIX_PATH}:/home/lukas/ros2_ws/install/my_robot_controller:/opt/ros/iron /usr/bin/cmake --build /home/lukas/dev_ws/build/my_package -- -j12 -l12
[0.624s] Invoked command in '/home/lukas/dev_ws/build/my_package' returned '0': CMAKE_PREFIX_PATH=${CMAKE_PREFIX_PATH}:/home/lukas/ros2_ws/install/my_robot_controller:/opt/ros/iron /usr/bin/cmake --build /home/lukas/dev_ws/build/my_package -- -j12 -l12
[0.649s] Invoking command in '/home/lukas/dev_ws/build/my_package': CMAKE_PREFIX_PATH=${CMAKE_PREFIX_PATH}:/home/lukas/ros2_ws/install/my_robot_controller:/opt/ros/iron /usr/bin/cmake --install /home/lukas/dev_ws/build/my_package
[0.655s] -- Install configuration: ""
[0.656s] -- Execute custom install script
[0.656s] -- Symlinking: /home/lukas/dev_ws/install/my_package/share/my_package/launch/listener.launch.py
[0.663s] -- Symlinking: /home/lukas/dev_ws/install/my_package/share/my_package/launch/talker.launch.py
[0.670s] -- Symlinking: /home/lukas/dev_ws/install/my_package/share/ament_index/resource_index/package_run_dependencies/my_package
[0.677s] -- Symlinking: /home/lukas/dev_ws/install/my_package/share/ament_index/resource_index/parent_prefix_path/my_package
[0.683s] -- Symlinking: /home/lukas/dev_ws/install/my_package/share/my_package/environment/ament_prefix_path.sh
[0.691s] -- Symlinking: /home/lukas/dev_ws/install/my_package/share/my_package/environment/ament_prefix_path.dsv
[0.698s] -- Symlinking: /home/lukas/dev_ws/install/my_package/share/my_package/environment/path.sh
[0.705s] -- Symlinking: /home/lukas/dev_ws/install/my_package/share/my_package/environment/path.dsv
[0.712s] -- Symlinking: /home/lukas/dev_ws/install/my_package/share/my_package/local_setup.bash
[0.718s] -- Symlinking: /home/lukas/dev_ws/install/my_package/share/my_package/local_setup.sh
[0.725s] -- Symlinking: /home/lukas/dev_ws/install/my_package/share/my_package/local_setup.zsh
[0.732s] -- Symlinking: /home/lukas/dev_ws/install/my_package/share/my_package/local_setup.dsv
[0.739s] -- Symlinking: /home/lukas/dev_ws/install/my_package/share/my_package/package.dsv
[0.746s] -- Symlinking: /home/lukas/dev_ws/install/my_package/share/ament_index/resource_index/packages/my_package
[0.753s] -- Symlinking: /home/lukas/dev_ws/install/my_package/share/my_package/cmake/my_packageConfig.cmake
[0.759s] -- Symlinking: /home/lukas/dev_ws/install/my_package/share/my_package/cmake/my_packageConfig-version.cmake
[0.766s] -- Symlinking: /home/lukas/dev_ws/install/my_package/share/my_package/package.xml
[0.774s] Invoked command in '/home/lukas/dev_ws/build/my_package' returned '0': CMAKE_PREFIX_PATH=${CMAKE_PREFIX_PATH}:/home/lukas/ros2_ws/install/my_robot_controller:/opt/ros/iron /usr/bin/cmake --install /home/lukas/dev_ws/build/my_package
