[0.078s] Invoking command in '/home/lukas/dev_ws/build/my_package': CMAKE_PREFIX_PATH=${CMAKE_PREFIX_PATH}:/home/lukas/ros2_ws/install/my_robot_controller:/opt/ros/iron /usr/bin/cmake /home/lukas/dev_ws/src/my_package -DCMAKE_INSTALL_PREFIX=/home/lukas/dev_ws/install/my_package
[0.087s] -- Found ament_cmake: 2.0.4 (/opt/ros/iron/share/ament_cmake/cmake)
[0.199s] -- Override CMake install command with custom implementation using symlinks instead of copying resources
[0.204s] -- Found ament_lint_auto: 0.14.3 (/opt/ros/iron/share/ament_lint_auto/cmake)
[0.263s] -- Added test 'flake8' to check Python code syntax and style conventions
[0.263s] -- Configured 'flake8' exclude dirs and/or files: 
[0.264s] -- Added test 'lint_cmake' to check CMake code style
[0.265s] -- Added test 'pep257' to check Python code against some of the docstring style conventions in PEP 257
[0.268s] -- Added test 'xmllint' to check XML markup files
[0.269s] -- Configuring done
[0.272s] -- Generating done
[0.273s] -- Build files have been written to: /home/lukas/dev_ws/build/my_package
[0.275s] Invoked command in '/home/lukas/dev_ws/build/my_package' returned '0': CMAKE_PREFIX_PATH=${CMAKE_PREFIX_PATH}:/home/lukas/ros2_ws/install/my_robot_controller:/opt/ros/iron /usr/bin/cmake /home/lukas/dev_ws/src/my_package -DCMAKE_INSTALL_PREFIX=/home/lukas/dev_ws/install/my_package
[0.277s] Invoking command in '/home/lukas/dev_ws/build/my_package': CMAKE_PREFIX_PATH=${CMAKE_PREFIX_PATH}:/home/lukas/ros2_ws/install/my_robot_controller:/opt/ros/iron /usr/bin/cmake --build /home/lukas/dev_ws/build/my_package -- -j12 -l12
[0.306s] Invoked command in '/home/lukas/dev_ws/build/my_package' returned '0': CMAKE_PREFIX_PATH=${CMAKE_PREFIX_PATH}:/home/lukas/ros2_ws/install/my_robot_controller:/opt/ros/iron /usr/bin/cmake --build /home/lukas/dev_ws/build/my_package -- -j12 -l12
[0.332s] Invoking command in '/home/lukas/dev_ws/build/my_package': CMAKE_PREFIX_PATH=${CMAKE_PREFIX_PATH}:/home/lukas/ros2_ws/install/my_robot_controller:/opt/ros/iron /usr/bin/cmake --install /home/lukas/dev_ws/build/my_package
[0.338s] -- Install configuration: ""
[0.338s] -- Execute custom install script
[0.338s] -- Up-to-date symlink: /home/lukas/dev_ws/install/my_package/share/my_package/launch/listener.launch.py
[0.339s] -- Up-to-date symlink: /home/lukas/dev_ws/install/my_package/share/my_package/launch/talker.launch.py
[0.339s] -- Up-to-date symlink: /home/lukas/dev_ws/install/my_package/share/ament_index/resource_index/package_run_dependencies/my_package
[0.339s] -- Up-to-date symlink: /home/lukas/dev_ws/install/my_package/share/ament_index/resource_index/parent_prefix_path/my_package
[0.339s] -- Up-to-date symlink: /home/lukas/dev_ws/install/my_package/share/my_package/environment/ament_prefix_path.sh
[0.339s] -- Up-to-date symlink: /home/lukas/dev_ws/install/my_package/share/my_package/environment/ament_prefix_path.dsv
[0.339s] -- Up-to-date symlink: /home/lukas/dev_ws/install/my_package/share/my_package/environment/path.sh
[0.339s] -- Up-to-date symlink: /home/lukas/dev_ws/install/my_package/share/my_package/environment/path.dsv
[0.340s] -- Up-to-date symlink: /home/lukas/dev_ws/install/my_package/share/my_package/local_setup.bash
[0.340s] -- Up-to-date symlink: /home/lukas/dev_ws/install/my_package/share/my_package/local_setup.sh
[0.340s] -- Up-to-date symlink: /home/lukas/dev_ws/install/my_package/share/my_package/local_setup.zsh
[0.340s] -- Up-to-date symlink: /home/lukas/dev_ws/install/my_package/share/my_package/local_setup.dsv
[0.340s] -- Symlinking: /home/lukas/dev_ws/install/my_package/share/my_package/package.dsv
[0.347s] -- Up-to-date symlink: /home/lukas/dev_ws/install/my_package/share/ament_index/resource_index/packages/my_package
[0.347s] -- Up-to-date symlink: /home/lukas/dev_ws/install/my_package/share/my_package/cmake/my_packageConfig.cmake
[0.347s] -- Up-to-date symlink: /home/lukas/dev_ws/install/my_package/share/my_package/cmake/my_packageConfig-version.cmake
[0.348s] -- Up-to-date symlink: /home/lukas/dev_ws/install/my_package/share/my_package/package.xml
[0.349s] Invoked command in '/home/lukas/dev_ws/build/my_package' returned '0': CMAKE_PREFIX_PATH=${CMAKE_PREFIX_PATH}:/home/lukas/ros2_ws/install/my_robot_controller:/opt/ros/iron /usr/bin/cmake --install /home/lukas/dev_ws/build/my_package
